[Tue, 06 Aug 2013 16:17:00 GMT] INFO Server starting with config: {
  "environment": "development",
  "workers": 1,
  "port": 4000,
  "spdy": null,
  "ssl": null,
  "flash": {
    "defaultClass": "alert",
    "inlineClasses": {
      "success": "alert alert-success",
      "alert": "alert",
      "error": "alert alert-error",
      "info": "alert alert-info"
    },
    "blockClasses": {
      "success": "alert alert-block alert-success",
      "alert": "alert alert-block",
      "error": "alert alert-block alert-error",
      "info": "alert alert-block alert-info"
    }
  },
  "debug": true,
  "rotateWorkers": false,
  "rotationWindow": 7200000,
  "rotationTimeout": 300000,
  "logDir": "/Users/aserputko/dev/CODE/projects/ITGHoldings/log",
  "gracefulShutdownTimeout": 30000,
  "heartbeatInterval": 5000,
  "heartbeatWindow": 20000,
  "staticFilePath": "/Users/aserputko/dev/CODE/projects/ITGHoldings/public",
  "cacheControl": {
    "expires": {
      "default": 0
    }
  },
  "sessions": {
    "store": "cookie",
    "key": "sid",
    "expiry": 1209600
  },
  "cookieSessionKey": "sdata",
  "i18n": {
    "defaultLocale": "en-us",
    "loadPaths": [
      "/Users/aserputko/dev/CODE/projects/ITGHoldings/config/locales"
    ]
  },
  "hostname": null,
  "fullHostname": null,
  "connectCompatibility": false,
  "realtime": true,
  "detailedErrors": true,
  "model": {
    "defaultAdapter": "mongo"
  },
  "db": {
    "mongo": {
      "dbname": "model_test"
    }
  },
  "secret": "eEzzxbMrzWrVT57Sbv8jVZVZLMgWww2KSPyD2E9AmeRXfmMIcTQTBwLyCHyzIHBc7LWunhLUwAPnRFuwTvmrxTDNM75l8pUZLySwYliDfm6dpl9LoD8Ok6bQFg9O5hpw"
}
[Tue, 06 Aug 2013 16:17:00 GMT] INFO Creating 1 worker process.
[Tue, 06 Aug 2013 16:17:01 GMT] INFO Server worker running in development on port 4000 with a PID of: 27743
